<?xml version="1.0" encoding="UTF-8"?>
<!-- Generated by org.testng.reporters.JUnitReportReporter -->
<testsuite hostname="LAPTOP-93Q7VJVD" failures="0" tests="1" name="testcases.LoginTest" time="17.895" errors="0" timestamp="2025-04-08T20:58:06 IST" skipped="0">
  <testcase classname="testcases.LoginTest" name="loginWithExcelData" time="17.895"/>
  <system-out/>
</testsuite> <!-- testcases.LoginTest -->
