<?xml version="1.0" encoding="UTF-8"?>
<!-- Generated by org.testng.reporters.JUnitReportReporter -->
<testsuite hostname="LAPTOP-93Q7VJVD" failures="0" tests="1" name="testcases.LoginTest" time="8.697" errors="0" timestamp="2025-04-17T20:13:34 IST" skipped="0">
  <testcase classname="testcases.LoginTest" name="loginWithExcelData" time="8.697"/>
  <system-out/>
</testsuite> <!-- testcases.LoginTest -->
